<?xml version="1.0" encoding="UTF-8"?>
<!-- Generated by org.testng.reporters.JUnitReportReporter -->
<testsuite skipped="0" hostname="L-156059967" name="com.wipro.automation.SeleniumDemoD" tests="1" failures="0" timestamp="19 Sep 2017 00:25:05 GMT" time="5.172" errors="0">
  <testcase name="test" time="5.172" classname="com.wipro.automation.SeleniumDemoD"/>
</testsuite> <!-- com.wipro.automation.SeleniumDemoD -->
