<?xml version="1.0" encoding="UTF-8"?>
<!-- Generated by org.testng.reporters.JUnitReportReporter -->
<testsuite skipped="0" hostname="L-156059967" name="com.wipro.automation.MouseHover" tests="1" failures="0" timestamp="21 Sep 2017 21:52:28 GMT" time="10.308" errors="0">
  <testcase name="test" time="10.308" classname="com.wipro.automation.MouseHover"/>
</testsuite> <!-- com.wipro.automation.MouseHover -->
